[05/15/2021 21:07:58.945 train.py:172] Parameter dataset := movie
[05/15/2021 21:07:58.948 train.py:172] Parameter aggregator := sum
[05/15/2021 21:07:58.948 train.py:172] Parameter n_epochs := 500
[05/15/2021 21:07:58.948 train.py:172] Parameter neighbor_sample_size_train := 100
[05/15/2021 21:07:58.949 train.py:172] Parameter neighbor_sample_size_eval := 100
[05/15/2021 21:07:58.949 train.py:172] Parameter dim := 32
[05/15/2021 21:07:58.949 train.py:172] Parameter n_iter := 2
[05/15/2021 21:07:58.949 train.py:172] Parameter batch_size := 512
[05/15/2021 21:07:58.949 train.py:172] Parameter l2_weight := 1e-07
[05/15/2021 21:07:58.949 train.py:172] Parameter lr := 0.02
[05/15/2021 21:07:58.950 train.py:172] Parameter ratio := 1
[05/15/2021 21:07:58.950 train.py:172] Parameter save_dir := ../../kgraph_models
[05/15/2021 21:07:58.950 train.py:172] Parameter lr_decay := 0.5
[05/15/2021 21:07:58.950 train.py:172] Parameter sampler := node
[05/15/2021 21:07:58.950 train.py:172] Parameter size_subg_edge := 2000
[05/15/2021 21:07:58.950 train.py:172] Parameter batch_size_eval := 128
[05/15/2021 21:07:58.950 train.py:175] Loading knowledge graph from data
[05/15/2021 21:08:05.286 train.py:177] Loading ratings data
[05/15/2021 21:09:27.683 train.py:184] Done loading data in 80.863
[05/15/2021 21:09:45.557 train.py:195] Device: cuda
[05/15/2021 21:09:45.587 train.py:196] Total number of parameters = 7706496
[05/15/2021 21:09:45.591 train.py:207] ------------- EPOCH 0
[05/15/2021 21:09:45.593 train.py: 86] 
----- Starting training phase 1 ------ Estimator Epoch: 52
[05/15/2021 21:09:45.594 train.py: 91] -------- Epoch: 0 --------
