[05/28/2021 20:57:09.537 train.py:173] Parameter dataset := music
[05/28/2021 20:57:09.539 train.py:173] Parameter aggregator := sum
[05/28/2021 20:57:09.540 train.py:173] Parameter n_epochs := 500
[05/28/2021 20:57:09.540 train.py:173] Parameter neighbor_sample_size_train := -1
[05/28/2021 20:57:09.541 train.py:173] Parameter neighbor_sample_size_eval := -1
[05/28/2021 20:57:09.541 train.py:173] Parameter dim := 16
[05/28/2021 20:57:09.542 train.py:173] Parameter n_iter := 1
[05/28/2021 20:57:09.542 train.py:173] Parameter batch_size := 512
[05/28/2021 20:57:09.543 train.py:173] Parameter l2_weight := 2e-05
[05/28/2021 20:57:09.543 train.py:173] Parameter lr := 0.001
[05/28/2021 20:57:09.544 train.py:173] Parameter ratio := 1
[05/28/2021 20:57:09.544 train.py:173] Parameter save_dir := ./kgraph_models
[05/28/2021 20:57:09.544 train.py:173] Parameter lr_decay := 0.5
[05/28/2021 20:57:09.545 train.py:173] Parameter sampler := rw
[05/28/2021 20:57:09.545 train.py:173] Parameter size_subg_edge := 8000
[05/28/2021 20:57:09.546 train.py:173] Parameter batch_size_eval := 512
[05/28/2021 20:57:09.546 train.py:176] Loading knowledge graph from data
[05/28/2021 20:57:09.658 train.py:178] Loading ratings data
[05/28/2021 20:57:09.789 train.py:182] Done loading data in 0.243
[05/28/2021 20:57:41.999 train.py:191] Device: cuda
[05/28/2021 20:57:42.073 train.py:192] Total number of parameters = 180080
[05/28/2021 20:57:42.097 train.py: 75] 
----- Starting training phase 1 ------ Estimator Epoch: 2
[05/28/2021 20:57:42.100 train.py: 80] -------- Mini epoch: 0 --------
[05/28/2021 20:57:52.692 train.py: 91] Sampling sub graph in  10.591 seconds
[05/28/2021 20:57:55.310 train.py: 96] Building DataLoader in  2.617 seconds
